{
  "RSpec": {
    "coverage": {
      "/Users/MichaelGDavis/Desktop/projects/forms/config/boot.rb": [
        1,
        null,
        1,
        1,
        1,
        null,
        2
      ],
      "/Users/MichaelGDavis/Desktop/projects/forms/lib/form.rb": [
        1,
        null,
        null,
        null,
        null,
        null,
        1,
        1,
        1,
        1,
        null,
        null,
        1,
        1,
        null,
        null,
        null,
        null,
        null,
        null,
        null,
        null,
        null
      ]
    },
    "timestamp": 1380906393
  }
}
