{
  "RSpec": {
    "coverage": {
      "/Users/MichaelGDavis/Desktop/projects/forms/config/boot.rb": [
        1,
        null,
        1,
        1,
        1,
        null,
        3
      ],
      "/Users/MichaelGDavis/Desktop/projects/forms/lib/bar.rb": [
        1,
        1,
        null,
        null,
        null,
        null,
        null,
        null,
        1,
        1,
        null,
        null,
        null,
        null
      ],
      "/Users/MichaelGDavis/Desktop/projects/forms/lib/foo.rb": [
        1,
        1,
        null,
        null,
        null,
        null,
        null,
        null,
        1,
        1,
        null,
        null,
        null,
        null
      ],
      "/Users/MichaelGDavis/Desktop/projects/forms/spec/foo_spec.rb": [
        1,
        null,
        1,
        null,
        1,
        1,
        null,
        null,
        1,
        1,
        1,
        1,
        null,
        null,
        null
      ]
    },
    "timestamp": 1380900383
  }
}
